<?xml version="1.0" encoding="UTF-8"?>
<robot generator="Robot 4.1.3 (Python 3.7.5 on win32)" generated="20211218 16:08:03.698" rpa="true" schemaversion="2">
<suite id="s1" name="Tasks" source="c:\Users\User\Documents\RoboCorp\my-order-robot\tasks.robot">
<test id="s1-t1" name="Order robots from RobotSpareBin Industries Inc">
<kw name="Reset Temp Folder" type="SETUP">
<kw name="Does Directory Exist" library="RPA.FileSystem">
<var>${dir_exists}</var>
<arg>${TEMP_DIR}</arg>
<doc>Returns True if the given directory exists, False if not.</doc>
<msg timestamp="20211218 16:08:06.036" level="INFO">${dir_exists} = True</msg>
<status status="PASS" starttime="20211218 16:08:06.032" endtime="20211218 16:08:06.036"/>
</kw>
<if>
<branch type="IF" condition="${dir_exists}">
<kw name="Remove Directory" library="RPA.FileSystem">
<arg>${TEMP_DIR}</arg>
<arg>recursive=True</arg>
<doc>Removes the given directory, and optionally everything it contains.</doc>
<status status="PASS" starttime="20211218 16:08:06.039" endtime="20211218 16:08:06.043"/>
</kw>
<status status="PASS" starttime="20211218 16:08:06.038" endtime="20211218 16:08:06.044"/>
</branch>
<status status="PASS" starttime="20211218 16:08:06.037" endtime="20211218 16:08:06.045"/>
</if>
<kw name="Create Directory" library="RPA.FileSystem">
<arg>${TEMP_DIR}</arg>
<doc>Creates a directory and (optionally) non-existing parent directories.</doc>
<status status="PASS" starttime="20211218 16:08:06.046" endtime="20211218 16:08:06.049"/>
</kw>
<status status="PASS" starttime="20211218 16:08:06.029" endtime="20211218 16:08:06.050"/>
</kw>
<kw name="Get Secret" library="RPA.Robocorp.Vault">
<var>${ASSETS}</var>
<arg>assets</arg>
<doc>Read a secret from the configured source, e.g. Robocorp Vault,
and return it as a ``Secret`` object.</doc>
<msg timestamp="20211218 16:28:59.124" level="INFO">Protecting keyword: RPA.Robocorp.Vault.Get Secret</msg>
<msg timestamp="20211218 16:28:59.128" level="INFO">Log level changed from NONE to INFO.</msg>
<status status="PASS" starttime="20211218 16:08:06.052" endtime="20211218 16:28:59.127"/>
</kw>
<kw name="Open the robot order website">
<arg>${ASSETS}[target_url]</arg>
<kw name="Open Available Browser" library="RPA.Browser.Selenium">
<arg>${url}</arg>
<doc>Attempts to open a browser on the user's device from a set of
supported browsers. Automatically downloads a corresponding webdriver
if none is already installed.</doc>
<msg timestamp="20211218 16:29:28.761" level="INFO">Creating an instance of the Chrome WebDriver.</msg>
<msg timestamp="20211218 16:29:28.785" level="INFO">Created download root directory: C:\Users\User\AppData\Local\robocorp\webdrivers</msg>
<msg timestamp="20211218 16:29:28.785" level="INFO">Created symlink directory: C:\Users\User\AppData\Local\robocorp\webdrivers</msg>
<msg timestamp="20211218 16:29:28.786" level="INFO">Creating an instance of the Chrome WebDriver.</msg>
<msg timestamp="20211218 16:29:30.004" level="INFO">Created Chrome browser with arguments: --disable-dev-shm-usage --disable-web-security --allow-running-insecure-content --no-sandbox</msg>
<msg timestamp="20211218 16:29:30.004" level="INFO" html="true">&lt;p&gt;Attempted combinations:&lt;/p&gt;&lt;div class="doc"&gt;&lt;table&gt;&lt;tr&gt;&lt;th&gt;Browser&lt;/th&gt;&lt;th&gt;Download&lt;/th&gt;&lt;th&gt;Error&lt;/th&gt;&lt;/tr&gt;&lt;tr&gt;&lt;td&gt;Chrome&lt;/td&gt;&lt;td&gt;False&lt;/td&gt;&lt;td&gt;Message: 'chromedriver' executable needs to be in PATH. Please see https://sites.google.com/a/chromium.org/chromedriver/home
&lt;/td&gt;&lt;/tr&gt;&lt;tr&gt;&lt;td&gt;Chrome&lt;/td&gt;&lt;td&gt;True&lt;/td&gt;&lt;td&gt;&lt;/td&gt;&lt;/tr&gt;&lt;/table&gt;&lt;/div&gt;</msg>
<msg timestamp="20211218 16:29:30.004" level="INFO">Opening url 'https://robotsparebinindustries.com/#/robot-order'</msg>
<status status="PASS" starttime="20211218 16:29:08.441" endtime="20211218 16:29:30.773"/>
</kw>
<kw name="No Operation" library="BuiltIn">
<doc>Does absolutely nothing.</doc>
<status status="PASS" starttime="20211218 16:29:30.775" endtime="20211218 16:29:43.720"/>
</kw>
<status status="PASS" starttime="20211218 16:28:59.130" endtime="20211218 16:29:43.723"/>
</kw>
<kw name="Get orders">
<var>${orders}</var>
<arg>${ASSETS}[orderfile_url]</arg>
<kw name="Download" library="RPA.HTTP">
<arg>${url}</arg>
<arg>${TEMP_DIR}${/}orders.csv</arg>
<arg>overwrite=True</arg>
<doc>An alias for the ``HTTP Get`` keyword.</doc>
<msg timestamp="20211218 16:30:46.721" level="INFO">Creating a new HTTP session</msg>
<msg timestamp="20211218 16:30:46.722" level="INFO">Creating Session using : alias=rpasession_alias.httpsrobotsparebinindustries.com, url=https://robotsparebinindustries.com, headers={},                     cookies={}, auth=None, timeout=None, proxies=None, verify=True,                     debug=0 </msg>
<msg timestamp="20211218 16:30:46.946" level="INFO">GET Request : url=https://robotsparebinindustries.com/orders.csv 
 path_url=/orders.csv 
 headers={'User-Agent': 'python-requests/2.26.0', 'Accept-Encoding': 'gzip, deflate', 'Accept': '*/*', 'Connection': 'keep-alive'} 
 body=None 
 </msg>
<msg timestamp="20211218 16:30:46.949" level="INFO">GET Response : url=https://robotsparebinindustries.com/orders.csv 
 status=200, reason=OK 
 headers={'Connection': 'keep-alive', 'Content-Length': '199', 'Server': 'GitHub.com', 'Content-Type': 'text/csv; charset=utf-8', 'x-origin-cache': 'HIT', 'Last-Modified': 'Fri, 13 Aug 2021 11:27:04 GMT', 'Access-Control-Allow-Origin': '*', 'Strict-Transport-Security': 'max-age=31556952', 'ETag': 'W/"61165708-19c"', 'expires': 'Sat, 18 Dec 2021 22:18:47 GMT', 'Cache-Control': 'max-age=600', 'Content-Encoding': 'gzip', 'x-proxy-cache': 'MISS', 'X-GitHub-Request-Id': 'D248:1784:384D06:956779:61BE5BEF', 'Accept-Ranges': 'bytes', 'Date': 'Sat, 18 Dec 2021 22:30:47 GMT', 'Via': '1.1 varnish', 'Age': '0', 'X-Served-By': 'cache-stl4837-STL', 'X-Cache': 'MISS', 'X-Cache-Hits': '0', 'X-Timer': 'S1639866647.991086,VS0,VE40', 'Vary': 'Accept-Encoding', 'X-Fastly-Request-ID': '9a1e274d952fadd6285cc54b9466f30091d41e05'} 
 body=Order number,Head,Body,Legs,Address
1,1,2,3,Address 123
2,4,1,5,Address 456
3,6,2,3,Address 789
4,2,3,2,Address 1
5,3,5,1,Address 2
6,1,6,6,Address 3
7,5,1,5,Address 4
8,2,3,3,Address 5
9,3,2,2,Address 6
10,4,4,2,Address 7
11,6,6,1,Address 8
12,1,3,3,Address 9
13,1,5,4,Address A
14,3,1,5,Address B
15,3,2,6,Address C
16,6,3,6,Address D
17,5,4,1,Address E
18,2,5,1,Address F
19,4,6,2,Address G
20,1,1,5,Address H 
 </msg>
<status status="PASS" starttime="20211218 16:30:17.998" endtime="20211218 16:30:46.957"/>
</kw>
<kw name="Read table from CSV" library="RPA.Tables">
<var>${orders}</var>
<arg>${TEMP_DIR}${/}orders.csv</arg>
<doc>Read a CSV file as a table.</doc>
<msg timestamp="20211218 16:31:11.838" level="INFO">${orders} = Table(columns=['Order number', 'Head', 'Body', 'Legs', 'Address'], rows=20)</msg>
<status status="PASS" starttime="20211218 16:30:46.963" endtime="20211218 16:31:11.838"/>
</kw>
<kw name="Log" library="BuiltIn">
<arg>Found columns: ${orders.columns}</arg>
<doc>Logs the given message with the given level.</doc>
<msg timestamp="20211218 16:31:36.599" level="INFO">Found columns: ['Order number', 'Head', 'Body', 'Legs', 'Address']</msg>
<status status="PASS" starttime="20211218 16:31:11.841" endtime="20211218 16:31:36.600"/>
</kw>
<msg timestamp="20211218 16:31:36.609" level="INFO">${orders} = Table(columns=['Order number', 'Head', 'Body', 'Legs', 'Address'], rows=20)</msg>
<status status="PASS" starttime="20211218 16:29:43.724" endtime="20211218 16:31:36.610"/>
</kw>
<for flavor="IN">
<var>${order}</var>
<value>@{orders}</value>
<iter>
<var name="${order}">{'Order number': '1', 'Head': '1', 'Body': '2', 'Legs': '3', 'Address': 'Address 123'}</var>
<kw name="Close the annoying modal">
<kw name="Click Button" library="RPA.Browser.Selenium">
<arg>Yep</arg>
<doc>Clicks the button identified by ``locator``.</doc>
<msg timestamp="20211218 16:32:08.318" level="INFO">Clicking button 'Yep'.</msg>
<status status="PASS" starttime="20211218 16:32:04.761" endtime="20211218 16:32:08.422"/>